TN:
SF:./src/client/plugin/click-menu.js
FN:2,(anonymous_1)
FN:70,init
FN:74,(anonymous_3)
FN:104,(anonymous_4)
FN:116,getMenus
FN:131,_onToggleClick
FN:155,_openMenu
FN:163,(anonymous_8)
FN:177,_onMenuOpened
FN:193,_closeMenu
FN:201,(anonymous_11)
FN:215,_onMenuClosed
FNF:12
FNH:2
FNDA:1,(anonymous_1)
FNDA:1,init
FNDA:0,(anonymous_3)
FNDA:0,(anonymous_4)
FNDA:0,getMenus
FNDA:0,_onToggleClick
FNDA:0,_openMenu
FNDA:0,(anonymous_8)
FNDA:0,_onMenuOpened
FNDA:0,_closeMenu
FNDA:0,(anonymous_11)
FNDA:0,_onMenuClosed
DA:2,1
DA:11,1
DA:17,1
DA:50,1
DA:57,1
DA:59,1
DA:70,1
DA:71,1
DA:74,1
DA:75,0
DA:76,0
DA:77,0
DA:78,0
DA:79,0
DA:80,0
DA:84,0
DA:85,0
DA:87,0
DA:99,0
DA:101,0
DA:104,0
DA:105,0
DA:116,1
DA:117,0
DA:131,1
DA:133,0
DA:135,0
DA:136,0
DA:139,0
DA:140,0
DA:144,0
DA:155,1
DA:156,0
DA:157,0
DA:158,0
DA:161,0
DA:163,0
DA:164,0
DA:167,0
DA:177,1
DA:179,0
DA:183,0
DA:193,1
DA:194,0
DA:195,0
DA:196,0
DA:199,0
DA:201,0
DA:202,0
DA:205,0
DA:215,1
DA:217,0
DA:221,0
LF:53
LH:15
BRDA:133,1,0,0
BRDA:133,1,1,0
BRDA:133,1,2,0
BRF:3
BRH:0
end_of_record
