TN:
SF:./src/client/plugin/click-menu.js
FN:2,(anonymous_1)
FN:71,init
FN:75,(anonymous_3)
FN:105,(anonymous_4)
FN:117,getMenus
FN:132,_onToggleClick
FN:156,_openMenu
FN:164,(anonymous_8)
FN:178,_onMenuOpened
FN:194,_closeMenu
FN:202,(anonymous_11)
FN:216,_onMenuClosed
FNF:12
FNH:2
FNDA:1,(anonymous_1)
FNDA:1,init
FNDA:0,(anonymous_3)
FNDA:0,(anonymous_4)
FNDA:0,getMenus
FNDA:0,_onToggleClick
FNDA:0,_openMenu
FNDA:0,(anonymous_8)
FNDA:0,_onMenuOpened
FNDA:0,_closeMenu
FNDA:0,(anonymous_11)
FNDA:0,_onMenuClosed
DA:2,1
DA:11,1
DA:19,1
DA:51,1
DA:58,1
DA:60,1
DA:71,1
DA:72,1
DA:75,1
DA:76,0
DA:77,0
DA:78,0
DA:79,0
DA:80,0
DA:81,0
DA:85,0
DA:86,0
DA:88,0
DA:100,0
DA:102,0
DA:105,0
DA:106,0
DA:117,1
DA:118,0
DA:132,1
DA:134,0
DA:136,0
DA:137,0
DA:140,0
DA:141,0
DA:145,0
DA:156,1
DA:157,0
DA:158,0
DA:159,0
DA:162,0
DA:164,0
DA:165,0
DA:168,0
DA:178,1
DA:180,0
DA:184,0
DA:194,1
DA:195,0
DA:196,0
DA:197,0
DA:200,0
DA:202,0
DA:203,0
DA:206,0
DA:216,1
DA:218,0
DA:222,0
LF:53
LH:15
BRDA:134,1,0,0
BRDA:134,1,1,0
BRDA:134,1,2,0
BRF:3
BRH:0
end_of_record
